ERROR:root:FIXME: Unimplemented - put('list', 'A sequence of things - created using []')
ERROR:root:FIXME: Unimplemented - put('list', 'A sequence of things - created using []')
INFO:root:Constructing parser
DEBUG:root:Constructing put subparser
INFO:root:Constructing parser
DEBUG:root:Constructing put subparser
INFO:root:Constructing parser
DEBUG:root:Constructing put subparser
DEBUG:root:Connecting to PostgreSQL
DEBUG:root:Datbaase connection established.
INFO:root:Constructing parser
DEBUG:root:Constructing put subparser
DEBUG:root:Connecting to PostgreSQL
DEBUG:root:Connecting to PostgreSQL
DEBUG:root:Database connection established.
INFO:root:Constructing parser
DEBUG:root:Constructing put subparser
DEBUG:root:Constructing get subparser
INFO:root:Storing snippet 'Test': 'This is a test snippet'
DEBUG:root:Snippet stored successfully.
DEBUG:root:Connecting to PostgreSQL
DEBUG:root:Database connection established.
INFO:root:Constructing parser
DEBUG:root:Constructing put subparser
DEBUG:root:Constructing get subparser
INFO:root:Storing snippet 'Test': 'This is a test snippet'
DEBUG:root:Connecting to PostgreSQL
DEBUG:root:Database connection established.
INFO:root:Constructing parser
DEBUG:root:Constructing put subparser
DEBUG:root:Constructing get subparser
INFO:root:Retrieving snippet 'Test'
DEBUG:root:Snippet retrieved successfully.
DEBUG:root:Connecting to PostgreSQL
DEBUG:root:Database connection established.
INFO:root:Constructing parser
DEBUG:root:Constructing put subparser
DEBUG:root:Constructing get subparser
INFO:root:Storing snippet 'Test': 'This is a test snippet'
DEBUG:root:Connecting to PostgreSQL
DEBUG:root:Database connection established.
INFO:root:Constructing parser
DEBUG:root:Constructing put subparser
DEBUG:root:Constructing get subparser
INFO:root:Retrieving snippet 'Test'
DEBUG:root:Snippet retrieved successfully.
DEBUG:root:Connecting to PostgreSQL
DEBUG:root:Database connection established.
INFO:root:Constructing parser
DEBUG:root:Constructing put subparser
DEBUG:root:Constructing get subparser
INFO:root:Retrieving snippet 'Test'
DEBUG:root:Snippet retrieved successfully.
DEBUG:root:Connecting to PostgreSQL
DEBUG:root:Database connection established.
INFO:root:Constructing parser
DEBUG:root:Constructing put subparser
DEBUG:root:Constructing get subparser
DEBUG:root:Connecting to PostgreSQL
DEBUG:root:Database connection established.
INFO:root:Constructing parser
DEBUG:root:Constructing put subparser
DEBUG:root:Constructing get subparser
DEBUG:root:Connecting to PostgreSQL
DEBUG:root:Database connection established.
INFO:root:Constructing parser
DEBUG:root:Constructing put subparser
DEBUG:root:Constructing get subparser
DEBUG:root:Connecting to PostgreSQL
DEBUG:root:Database connection established.
INFO:root:Constructing parser
DEBUG:root:Constructing put subparser
DEBUG:root:Constructing get subparser
DEBUG:root:Connecting to PostgreSQL
DEBUG:root:Database connection established.
INFO:root:Constructing parser
DEBUG:root:Constructing put subparser
DEBUG:root:Constructing get subparser
DEBUG:root:Connecting to PostgreSQL
DEBUG:root:Database connection established.
INFO:root:Constructing parser
DEBUG:root:Constructing put subparser
DEBUG:root:Constructing get subparser
DEBUG:root:Connecting to PostgreSQL
DEBUG:root:Database connection established.
INFO:root:Constructing parser
DEBUG:root:Constructing put subparser
DEBUG:root:Constructing get subparser
DEBUG:root:Connecting to PostgreSQL
DEBUG:root:Database connection established.
INFO:root:Constructing parser
DEBUG:root:Constructing put subparser
DEBUG:root:Constructing get subparser
INFO:root:Retrieving snippet 'Hello'
DEBUG:root:Snippet retrieved successfully.
DEBUG:root:Connecting to PostgreSQL
DEBUG:root:Database connection established.
INFO:root:Constructing parser
DEBUG:root:Constructing put subparser
DEBUG:root:Constructing get subparser
INFO:root:Retrieving snippet 'Test'
DEBUG:root:Snippet retrieved successfully.
DEBUG:root:Connecting to PostgreSQL
DEBUG:root:Database connection established.
INFO:root:Constructing parser
DEBUG:root:Constructing put subparser
DEBUG:root:Constructing get subparser
INFO:root:Retrieving snippet 'catalog'
DEBUG:root:Snippet retrieved successfully.
DEBUG:root:Connecting to PostgreSQL
DEBUG:root:Database connection established.
INFO:root:Constructing parser
DEBUG:root:Constructing put subparser
DEBUG:root:Constructing get subparser
